<?xml version="1.0" encoding="UTF-8" standalone="no"?>
<testsuite failures="0" name="cucumber.runtime.formatter.JUnitFormatter" skipped="0" tests="3" time="33.998297">
<testcase classname="test the web application" name="test the login with valid credentials" time="15.754561">
<system-out><![CDATA[Given open the  chrome browser and enter the url............................passed
When enter the valid credentials "prasannakumar2461995" and "018Apple"......passed
Then user should be able to login sucessfully...............................passed
]]></system-out>
</testcase>
<testcase classname="test the web application" name="test the login with valid credentials 2" time="9.886744">
<system-out><![CDATA[Given open the  chrome browser and enter the url............................passed
When enter the valid credentials "prasannakumar2461995" and "008Apple"......passed
Then user should be able to login sucessfully...............................passed
]]></system-out>
</testcase>
<testcase classname="test the web application" name="test the login with valid credentials 3" time="8.356992">
<system-out><![CDATA[Given open the  chrome browser and enter the url............................passed
When enter the valid credentials "prasannakumar2461995" and "028Apple"......passed
Then user should be able to login sucessfully...............................passed
]]></system-out>
</testcase>
</testsuite>
